<?xml version="1.0" encoding="UTF-8"?>
<!-- Generated by org.testng.reporters.JUnitXMLReporter -->
<testsuite ignored="0" hostname="LAPTOP-SU570FMD" failures="0" tests="4" name="Default test" time="156.65" errors="0" timestamp="2023-09-04T08:32:07 GMT-07:00">
  <testcase classname="testlayer.HRtest" name="Title" time="0.02"/>
  <testcase classname="testlayer.HRtest" name="Tc_valid_login" time="0.891"/>
  <testcase classname="testlayer.HRtest" name="Tc_valid_login" time="1.146"/>
  <testcase classname="testlayer.HRtest" name="Tc_valid_login" time="1.021"/>
</testsuite> <!-- Default test -->
