<?xml version="1.0" encoding="UTF-8"?>
<!-- Generated by org.testng.reporters.JUnitXMLReporter -->
<testsuite ignored="0" hostname="LAPTOP-SU570FMD" failures="0" tests="4" name="Regression" time="81.225" errors="0" timestamp="2023-09-04T01:29:31 GMT-07:00">
  <testcase classname="testlayer.HRtest" name="Title" time="0.035"/>
  <testcase classname="testlayer.HRtest" name="Tc_valid_login" time="3.155"/>
  <testcase classname="testlayer.HRtest" name="Tc_valid_login" time="3.429"/>
  <testcase classname="testlayer.HRtest" name="Tc_valid_login" time="2.391"/>
</testsuite> <!-- Regression -->
