<?xml version="1.0" encoding="UTF-8"?>
<!-- Generated by org.testng.reporters.JUnitXMLReporter -->
<testsuite ignored="0" hostname="LAPTOP-SU570FMD" failures="0" tests="4" name="Smoke" time="70.594" errors="0" timestamp="2023-09-04T01:30:42 GMT-07:00">
  <testcase classname="testlayer.HRtest" name="Title" time="0.014"/>
  <testcase classname="testlayer.HRtest" name="Tc_valid_login" time="2.312"/>
  <testcase classname="testlayer.HRtest" name="Tc_valid_login" time="2.308"/>
  <testcase classname="testlayer.HRtest" name="Tc_valid_login" time="2.367"/>
</testsuite> <!-- Smoke -->
