<?xml version="1.0" encoding="UTF-8"?>
<testng-results ignored="0" total="4" passed="4" failed="0" skipped="0">
  <reporter-output>
  </reporter-output>
  <suite started-at="2023-09-04T08:29:31 GMT-07:00" name="Default suite" finished-at="2023-09-04T08:32:07 GMT-07:00" duration-ms="156650">
    <groups>
    </groups>
    <test started-at="2023-09-04T08:29:31 GMT-07:00" name="Default test" finished-at="2023-09-04T08:32:07 GMT-07:00" duration-ms="156650">
      <class name="testlayer.HRtest">
        <test-method is-config="true" signature="initialsetup()[pri:0, instance:testlayer.HRtest@7b2bbc3]" started-at="2023-09-04T08:29:31 GMT-07:00" name="initialsetup" finished-at="2023-09-04T08:30:09 GMT-07:00" duration-ms="38124" status="PASS">
          <reporter-output>
          </reporter-output>
        </test-method> <!-- initialsetup -->
        <test-method signature="Title()[pri:0, instance:testlayer.HRtest@7b2bbc3]" started-at="2023-09-04T08:30:09 GMT-07:00" name="Title" finished-at="2023-09-04T08:30:09 GMT-07:00" duration-ms="20" status="PASS">
          <reporter-output>
          </reporter-output>
        </test-method> <!-- Title -->
        <test-method is-config="true" signature="close()[pri:0, instance:testlayer.HRtest@7b2bbc3]" started-at="2023-09-04T08:30:09 GMT-07:00" name="close" finished-at="2023-09-04T08:30:11 GMT-07:00" duration-ms="2235" status="PASS">
          <reporter-output>
          </reporter-output>
        </test-method> <!-- close -->
        <test-method is-config="true" signature="initialsetup()[pri:0, instance:testlayer.HRtest@7b2bbc3]" started-at="2023-09-04T08:30:13 GMT-07:00" name="initialsetup" finished-at="2023-09-04T08:30:46 GMT-07:00" duration-ms="33698" status="PASS">
          <reporter-output>
          </reporter-output>
        </test-method> <!-- initialsetup -->
        <test-method signature="Tc_valid_login(java.lang.String,java.lang.String,java.lang.String,java.lang.String,java.lang.String)[pri:1, instance:testlayer.HRtest@7b2bbc3]" started-at="2023-09-04T08:30:46 GMT-07:00" name="Tc_valid_login" data-provider="Details" finished-at="2023-09-04T08:30:47 GMT-07:00" duration-ms="891" status="PASS">
          <params>
            <param index="0">
              <value>
                <![CDATA[admin]]>
              </value>
            </param>
            <param index="1">
              <value>
                <![CDATA[admin123]]>
              </value>
            </param>
            <param index="2">
              <value>
                <![CDATA[ate13@gmail.com]]>
              </value>
            </param>
            <param index="3">
              <value>
                <![CDATA[99444.0]]>
              </value>
            </param>
            <param index="4">
              <value>
                <![CDATA[hello]]>
              </value>
            </param>
          </params>
          <reporter-output>
          </reporter-output>
        </test-method> <!-- Tc_valid_login -->
        <test-method is-config="true" signature="close()[pri:0, instance:testlayer.HRtest@7b2bbc3]" started-at="2023-09-04T08:30:47 GMT-07:00" name="close" finished-at="2023-09-04T08:30:49 GMT-07:00" duration-ms="1899" status="PASS">
          <reporter-output>
          </reporter-output>
        </test-method> <!-- close -->
        <test-method is-config="true" signature="initialsetup()[pri:0, instance:testlayer.HRtest@7b2bbc3]" started-at="2023-09-04T08:30:49 GMT-07:00" name="initialsetup" finished-at="2023-09-04T08:31:24 GMT-07:00" duration-ms="34448" status="PASS">
          <reporter-output>
          </reporter-output>
        </test-method> <!-- initialsetup -->
        <test-method signature="Tc_valid_login(java.lang.String,java.lang.String,java.lang.String,java.lang.String,java.lang.String)[pri:1, instance:testlayer.HRtest@7b2bbc3]" started-at="2023-09-04T08:31:24 GMT-07:00" name="Tc_valid_login" data-provider="Details" finished-at="2023-09-04T08:31:25 GMT-07:00" duration-ms="1146" status="PASS">
          <params>
            <param index="0">
              <value>
                <![CDATA[admin1]]>
              </value>
            </param>
            <param index="1">
              <value>
                <![CDATA[admin425]]>
              </value>
            </param>
            <param index="2">
              <value>
                <![CDATA[ate25@gmail.com]]>
              </value>
            </param>
            <param index="3">
              <value>
                <![CDATA[774444.0]]>
              </value>
            </param>
            <param index="4">
              <value>
                <![CDATA[hello1]]>
              </value>
            </param>
          </params>
          <reporter-output>
          </reporter-output>
        </test-method> <!-- Tc_valid_login -->
        <test-method is-config="true" signature="close()[pri:0, instance:testlayer.HRtest@7b2bbc3]" started-at="2023-09-04T08:31:25 GMT-07:00" name="close" finished-at="2023-09-04T08:31:28 GMT-07:00" duration-ms="2972" status="PASS">
          <reporter-output>
          </reporter-output>
        </test-method> <!-- close -->
        <test-method is-config="true" signature="initialsetup()[pri:0, instance:testlayer.HRtest@7b2bbc3]" started-at="2023-09-04T08:31:28 GMT-07:00" name="initialsetup" finished-at="2023-09-04T08:32:04 GMT-07:00" duration-ms="35678" status="PASS">
          <reporter-output>
          </reporter-output>
        </test-method> <!-- initialsetup -->
        <test-method signature="Tc_valid_login(java.lang.String,java.lang.String,java.lang.String,java.lang.String,java.lang.String)[pri:1, instance:testlayer.HRtest@7b2bbc3]" started-at="2023-09-04T08:32:04 GMT-07:00" name="Tc_valid_login" data-provider="Details" finished-at="2023-09-04T08:32:05 GMT-07:00" duration-ms="1021" status="PASS">
          <params>
            <param index="0">
              <value>
                <![CDATA[admin2]]>
              </value>
            </param>
            <param index="1">
              <value>
                <![CDATA[test234]]>
              </value>
            </param>
            <param index="2">
              <value>
                <![CDATA[ate23@gmail.com]]>
              </value>
            </param>
            <param index="3">
              <value>
                <![CDATA[1144444.0]]>
              </value>
            </param>
            <param index="4">
              <value>
                <![CDATA[hello2]]>
              </value>
            </param>
          </params>
          <reporter-output>
          </reporter-output>
        </test-method> <!-- Tc_valid_login -->
        <test-method is-config="true" signature="close()[pri:0, instance:testlayer.HRtest@7b2bbc3]" started-at="2023-09-04T08:32:05 GMT-07:00" name="close" finished-at="2023-09-04T08:32:07 GMT-07:00" duration-ms="2716" status="PASS">
          <reporter-output>
          </reporter-output>
        </test-method> <!-- close -->
      </class> <!-- testlayer.HRtest -->
    </test> <!-- Default test -->
  </suite> <!-- Default suite -->
</testng-results>
